<?xml version="1.0" encoding="UTF-8"?>
<!-- Generated by org.testng.reporters.JUnitXMLReporter -->
<testsuite ignored="0" hostname="LAPTOP-2HG486VE" failures="0" tests="1" name="Test" time="1.318" errors="0" timestamp="2023-08-15T17:11:18 IST">
  <testcase classname="com.sauslab.testcases.checkoutcompletetest" name="@BeforeMethod setup" time="-1.692099678872E9">
    <failure type="org.testng.TestNGException" message="
Parameter &amp;apos;browser&amp;apos; is required by BeforeMethod on method setup but has not been marked @Optional or defined
in D:\NIkhlesh_Ruby\NikSausLab\testng_all.xml">
      <![CDATA[org.testng.TestNGException: 
Parameter 'browser' is required by BeforeMethod on method setup but has not been marked @Optional or defined
in D:\NIkhlesh_Ruby\NikSausLab\testng_all.xml
at java.base/java.util.ArrayList.forEach(ArrayList.java:1511)
... Removed 28 stack frames]]>
    </failure>
  </testcase> <!-- @BeforeMethod setup -->
  <testcase classname="com.sauslab.testcases.checkoutcompletetest" name="@AfterMethod tearDown" time="-1.692099678899E9">
    <skipped/>
  </testcase> <!-- @AfterMethod tearDown -->
  <testcase classname="com.sauslab.testcases.checkoutcompletetest" name="CH_1" time="0.0">
    <skipped/>
  </testcase> <!-- CH_1 -->
</testsuite> <!-- Test -->
